语法

    0 $accept: program $end

    1 program: decl_list

    2 decl_list: decl
    3          | decl_list decl

    4 decl: variableDecl
    5     | callDecl

    6 variableDecl: VAR variable ';'

    7 variable: OBJECTID TYPEID

    8 variables: variable
    9          | variables ',' variable

   10 callDecl: FUNC OBJECTID '(' variables ')' TYPEID stmtBlock
   11         | FUNC OBJECTID '(' ')' TYPEID stmtBlock

   12 variableDecls: variableDecl
   13              | variableDecls variableDecl

   14 stmts: stmt
   15      | stmts stmt

   16 stmtBlock: '{' variableDecls stmts '}'
   17          | '{' stmts '}'
   18          | '{' variableDecls '}'
   19          | '{' '}'

   20 stmt: ';'
   21     | expr ';'
   22     | ifStmt
   23     | whileStmt
   24     | forStmt
   25     | breakStmt
   26     | continueStmt
   27     | returnStmt
   28     | stmtBlock

   29 ifStmt: IF expr stmtBlock ELSE stmtBlock
   30       | IF expr stmtBlock

   31 whileStmt: WHILE expr stmtBlock

   32 forStmt: FOR ';' ';' stmtBlock
   33        | FOR expr ';' ';' stmtBlock
   34        | FOR ';' expr ';' stmtBlock
   35        | FOR ';' ';' expr stmtBlock
   36        | FOR expr ';' expr ';' stmtBlock
   37        | FOR expr ';' ';' expr stmtBlock
   38        | FOR ';' expr ';' expr stmtBlock
   39        | FOR expr ';' expr ';' expr stmtBlock

   40 returnStmt: RETURN expr ';'
   41           | RETURN ';'

   42 continueStmt: CONTINUE ';'

   43 breakStmt: BREAK ';'

   44 call: OBJECTID '(' actuals ')'
   45     | OBJECTID '(' ')'

   46 actuals: expr
   47        | actuals ',' expr

   48 expr: OBJECTID '=' expr
   49     | CONST_INT
   50     | CONST_BOOL
   51     | CONST_STRING
   52     | CONST_FLOAT
   53     | '(' expr ')'
   54     | OBJECTID
   55     | expr '+' expr
   56     | expr '-' expr
   57     | expr '*' expr
   58     | expr '/' expr
   59     | expr '%' expr
   60     | expr '<' expr
   61     | expr LE expr
   62     | expr EQUAL expr
   63     | expr NE expr
   64     | expr GE expr
   65     | expr '>' expr
   66     | expr AND expr
   67     | expr OR expr
   68     | expr '^' expr
   69     | '!' expr
   70     | '~' expr
   71     | '-' expr
   72     | expr '&' expr
   73     | expr '|' expr
   74     | call


终结语词，附有它们出现处的规则

    $end (0) 0
    '!' (33) 69
    '%' (37) 59
    '&' (38) 72
    '(' (40) 10 11 44 45 53
    ')' (41) 10 11 44 45 53
    '*' (42) 57
    '+' (43) 55
    ',' (44) 9 47
    '-' (45) 56 71
    '/' (47) 58
    ';' (59) 6 20 21 32 33 34 35 36 37 38 39 40 41 42 43
    '<' (60) 60
    '=' (61) 48
    '>' (62) 65
    '^' (94) 68
    '{' (123) 16 17 18 19
    '|' (124) 73
    '}' (125) 16 17 18 19
    '~' (126) 70
    error (256)
    IF (258) 29 30
    ELSE (260) 29
    WHILE (261) 31
    FOR (262) 32 33 34 35 36 37 38 39
    BREAK (263) 43
    CONTINUE (264) 42
    FUNC (265) 10 11
    RETURN (266) 40 41
    CONST_BOOL <boolean> (267) 50
    CONST_INT <symbol> (268) 49
    CONST_STRING <symbol> (269) 51
    CONST_FLOAT <symbol> (270) 52
    VAR (271) 6
    AND (274) 66
    OR (275) 67
    EQUAL (276) 62
    NE (277) 63
    GE (278) 64
    LE (279) 61
    OBJECTID <symbol> (284) 7 10 11 44 45 48 54
    TYPEID <symbol> (285) 7 10 11
    UMINUS (287)


非终结语词，附有它们出现处的规则

    $accept (44)
        on left: 0
    program <program> (45)
        on left: 1
        on right: 0
    decl_list <decls> (46)
        on left: 2 3
        on right: 1 3
    decl <decl> (47)
        on left: 4 5
        on right: 2 3
    variableDecl <variableDecl> (48)
        on left: 6
        on right: 4 12 13
    variable <variable> (49)
        on left: 7
        on right: 6 8 9
    variables <variables> (50)
        on left: 8 9
        on right: 9 10
    callDecl <callDecl> (51)
        on left: 10 11
        on right: 5
    variableDecls <variableDecls> (52)
        on left: 12 13
        on right: 13 16 18
    stmts <stmts> (53)
        on left: 14 15
        on right: 15 16 17
    stmtBlock <stmtBlock> (54)
        on left: 16 17 18 19
        on right: 10 11 28 29 30 31 32 33 34 35 36 37 38 39
    stmt <stmt> (55)
        on left: 20 21 22 23 24 25 26 27 28
        on right: 14 15
    ifStmt <ifStmt> (56)
        on left: 29 30
        on right: 22
    whileStmt <whileStmt> (57)
        on left: 31
        on right: 23
    forStmt <forStmt> (58)
        on left: 32 33 34 35 36 37 38 39
        on right: 24
    returnStmt <returnStmt> (59)
        on left: 40 41
        on right: 27
    continueStmt <continueStmt> (60)
        on left: 42
        on right: 26
    breakStmt <breakStmt> (61)
        on left: 43
        on right: 25
    call <call> (62)
        on left: 44 45
        on right: 74
    actuals <actuals> (63)
        on left: 46 47
        on right: 44 47
    expr <expr> (64)
        on left: 48 49 50 51 52 53 54 55 56 57 58 59 60 61 62 63 64 65 66 67 68 69 70 71 72 73 74
        on right: 21 29 30 31 33 34 35 36 37 38 39 40 46 47 48 53 55 56 57 58 59 60 61 62 63 64 65 66 67 68 69 70 71 72 73


状态 0

    0 $accept: • program $end

    FUNC  偏移，并进入状态 1
    VAR   偏移，并进入状态 2

    program       转到状态 3
    decl_list     转到状态 4
    decl          转到状态 5
    variableDecl  转到状态 6
    callDecl      转到状态 7


状态 1

   10 callDecl: FUNC • OBJECTID '(' variables ')' TYPEID stmtBlock
   11         | FUNC • OBJECTID '(' ')' TYPEID stmtBlock

    OBJECTID  偏移，并进入状态 8


状态 2

    6 variableDecl: VAR • variable ';'

    OBJECTID  偏移，并进入状态 9

    variable  转到状态 10


状态 3

    0 $accept: program • $end

    $end  偏移，并进入状态 11


状态 4

    1 program: decl_list •
    3 decl_list: decl_list • decl

    FUNC  偏移，并进入状态 1
    VAR   偏移，并进入状态 2

    $default  使用规则 1 以归约 (program)

    decl          转到状态 12
    variableDecl  转到状态 6
    callDecl      转到状态 7


状态 5

    2 decl_list: decl •

    $default  使用规则 2 以归约 (decl_list)


状态 6

    4 decl: variableDecl •

    $default  使用规则 4 以归约 (decl)


状态 7

    5 decl: callDecl •

    $default  使用规则 5 以归约 (decl)


状态 8

   10 callDecl: FUNC OBJECTID • '(' variables ')' TYPEID stmtBlock
   11         | FUNC OBJECTID • '(' ')' TYPEID stmtBlock

    '('  偏移，并进入状态 13


状态 9

    7 variable: OBJECTID • TYPEID

    TYPEID  偏移，并进入状态 14


状态 10

    6 variableDecl: VAR variable • ';'

    ';'  偏移，并进入状态 15


状态 11

    0 $accept: program $end •

    $default  接受


状态 12

    3 decl_list: decl_list decl •

    $default  使用规则 3 以归约 (decl_list)


状态 13

   10 callDecl: FUNC OBJECTID '(' • variables ')' TYPEID stmtBlock
   11         | FUNC OBJECTID '(' • ')' TYPEID stmtBlock

    OBJECTID  偏移，并进入状态 9
    ')'       偏移，并进入状态 16

    variable   转到状态 17
    variables  转到状态 18


状态 14

    7 variable: OBJECTID TYPEID •

    $default  使用规则 7 以归约 (variable)


状态 15

    6 variableDecl: VAR variable ';' •

    $default  使用规则 6 以归约 (variableDecl)


状态 16

   11 callDecl: FUNC OBJECTID '(' ')' • TYPEID stmtBlock

    TYPEID  偏移，并进入状态 19


状态 17

    8 variables: variable •

    $default  使用规则 8 以归约 (variables)


状态 18

    9 variables: variables • ',' variable
   10 callDecl: FUNC OBJECTID '(' variables • ')' TYPEID stmtBlock

    ','  偏移，并进入状态 20
    ')'  偏移，并进入状态 21


状态 19

   11 callDecl: FUNC OBJECTID '(' ')' TYPEID • stmtBlock

    '{'  偏移，并进入状态 22

    stmtBlock  转到状态 23


状态 20

    9 variables: variables ',' • variable

    OBJECTID  偏移，并进入状态 9

    variable  转到状态 24


状态 21

   10 callDecl: FUNC OBJECTID '(' variables ')' • TYPEID stmtBlock

    TYPEID  偏移，并进入状态 25


状态 22

   16 stmtBlock: '{' • variableDecls stmts '}'
   17          | '{' • stmts '}'
   18          | '{' • variableDecls '}'
   19          | '{' • '}'

    IF            偏移，并进入状态 26
    WHILE         偏移，并进入状态 27
    FOR           偏移，并进入状态 28
    BREAK         偏移，并进入状态 29
    CONTINUE      偏移，并进入状态 30
    RETURN        偏移，并进入状态 31
    VAR           偏移，并进入状态 2
    CONST_BOOL    偏移，并进入状态 32
    CONST_INT     偏移，并进入状态 33
    CONST_STRING  偏移，并进入状态 34
    CONST_FLOAT   偏移，并进入状态 35
    OBJECTID      偏移，并进入状态 36
    '-'           偏移，并进入状态 37
    '!'           偏移，并进入状态 38
    '~'           偏移，并进入状态 39
    ';'           偏移，并进入状态 40
    '('           偏移，并进入状态 41
    '{'           偏移，并进入状态 22
    '}'           偏移，并进入状态 42

    variableDecl   转到状态 43
    variableDecls  转到状态 44
    stmts          转到状态 45
    stmtBlock      转到状态 46
    stmt           转到状态 47
    ifStmt         转到状态 48
    whileStmt      转到状态 49
    forStmt        转到状态 50
    returnStmt     转到状态 51
    continueStmt   转到状态 52
    breakStmt      转到状态 53
    call           转到状态 54
    expr           转到状态 55


状态 23

   11 callDecl: FUNC OBJECTID '(' ')' TYPEID stmtBlock •

    $default  使用规则 11 以归约 (callDecl)


状态 24

    9 variables: variables ',' variable •

    $default  使用规则 9 以归约 (variables)


状态 25

   10 callDecl: FUNC OBJECTID '(' variables ')' TYPEID • stmtBlock

    '{'  偏移，并进入状态 22

    stmtBlock  转到状态 56


状态 26

   29 ifStmt: IF • expr stmtBlock ELSE stmtBlock
   30       | IF • expr stmtBlock

    CONST_BOOL    偏移，并进入状态 32
    CONST_INT     偏移，并进入状态 33
    CONST_STRING  偏移，并进入状态 34
    CONST_FLOAT   偏移，并进入状态 35
    OBJECTID      偏移，并进入状态 36
    '-'           偏移，并进入状态 37
    '!'           偏移，并进入状态 38
    '~'           偏移，并进入状态 39
    '('           偏移，并进入状态 41

    call  转到状态 54
    expr  转到状态 57


状态 27

   31 whileStmt: WHILE • expr stmtBlock

    CONST_BOOL    偏移，并进入状态 32
    CONST_INT     偏移，并进入状态 33
    CONST_STRING  偏移，并进入状态 34
    CONST_FLOAT   偏移，并进入状态 35
    OBJECTID      偏移，并进入状态 36
    '-'           偏移，并进入状态 37
    '!'           偏移，并进入状态 38
    '~'           偏移，并进入状态 39
    '('           偏移，并进入状态 41

    call  转到状态 54
    expr  转到状态 58


状态 28

   32 forStmt: FOR • ';' ';' stmtBlock
   33        | FOR • expr ';' ';' stmtBlock
   34        | FOR • ';' expr ';' stmtBlock
   35        | FOR • ';' ';' expr stmtBlock
   36        | FOR • expr ';' expr ';' stmtBlock
   37        | FOR • expr ';' ';' expr stmtBlock
   38        | FOR • ';' expr ';' expr stmtBlock
   39        | FOR • expr ';' expr ';' expr stmtBlock

    CONST_BOOL    偏移，并进入状态 32
    CONST_INT     偏移，并进入状态 33
    CONST_STRING  偏移，并进入状态 34
    CONST_FLOAT   偏移，并进入状态 35
    OBJECTID      偏移，并进入状态 36
    '-'           偏移，并进入状态 37
    '!'           偏移，并进入状态 38
    '~'           偏移，并进入状态 39
    ';'           偏移，并进入状态 59
    '('           偏移，并进入状态 41

    call  转到状态 54
    expr  转到状态 60


状态 29

   43 breakStmt: BREAK • ';'

    ';'  偏移，并进入状态 61


状态 30

   42 continueStmt: CONTINUE • ';'

    ';'  偏移，并进入状态 62


状态 31

   40 returnStmt: RETURN • expr ';'
   41           | RETURN • ';'

    CONST_BOOL    偏移，并进入状态 32
    CONST_INT     偏移，并进入状态 33
    CONST_STRING  偏移，并进入状态 34
    CONST_FLOAT   偏移，并进入状态 35
    OBJECTID      偏移，并进入状态 36
    '-'           偏移，并进入状态 37
    '!'           偏移，并进入状态 38
    '~'           偏移，并进入状态 39
    ';'           偏移，并进入状态 63
    '('           偏移，并进入状态 41

    call  转到状态 54
    expr  转到状态 64


状态 32

   50 expr: CONST_BOOL •

    $default  使用规则 50 以归约 (expr)


状态 33

   49 expr: CONST_INT •

    $default  使用规则 49 以归约 (expr)


状态 34

   51 expr: CONST_STRING •

    $default  使用规则 51 以归约 (expr)


状态 35

   52 expr: CONST_FLOAT •

    $default  使用规则 52 以归约 (expr)


状态 36

   44 call: OBJECTID • '(' actuals ')'
   45     | OBJECTID • '(' ')'
   48 expr: OBJECTID • '=' expr
   54     | OBJECTID •

    '='  偏移，并进入状态 65
    '('  偏移，并进入状态 66

    $default  使用规则 54 以归约 (expr)


状态 37

   71 expr: '-' • expr

    CONST_BOOL    偏移，并进入状态 32
    CONST_INT     偏移，并进入状态 33
    CONST_STRING  偏移，并进入状态 34
    CONST_FLOAT   偏移，并进入状态 35
    OBJECTID      偏移，并进入状态 36
    '-'           偏移，并进入状态 37
    '!'           偏移，并进入状态 38
    '~'           偏移，并进入状态 39
    '('           偏移，并进入状态 41

    call  转到状态 54
    expr  转到状态 67


状态 38

   69 expr: '!' • expr

    CONST_BOOL    偏移，并进入状态 32
    CONST_INT     偏移，并进入状态 33
    CONST_STRING  偏移，并进入状态 34
    CONST_FLOAT   偏移，并进入状态 35
    OBJECTID      偏移，并进入状态 36
    '-'           偏移，并进入状态 37
    '!'           偏移，并进入状态 38
    '~'           偏移，并进入状态 39
    '('           偏移，并进入状态 41

    call  转到状态 54
    expr  转到状态 68


状态 39

   70 expr: '~' • expr

    CONST_BOOL    偏移，并进入状态 32
    CONST_INT     偏移，并进入状态 33
    CONST_STRING  偏移，并进入状态 34
    CONST_FLOAT   偏移，并进入状态 35
    OBJECTID      偏移，并进入状态 36
    '-'           偏移，并进入状态 37
    '!'           偏移，并进入状态 38
    '~'           偏移，并进入状态 39
    '('           偏移，并进入状态 41

    call  转到状态 54
    expr  转到状态 69


状态 40

   20 stmt: ';' •

    $default  使用规则 20 以归约 (stmt)


状态 41

   53 expr: '(' • expr ')'

    CONST_BOOL    偏移，并进入状态 32
    CONST_INT     偏移，并进入状态 33
    CONST_STRING  偏移，并进入状态 34
    CONST_FLOAT   偏移，并进入状态 35
    OBJECTID      偏移，并进入状态 36
    '-'           偏移，并进入状态 37
    '!'           偏移，并进入状态 38
    '~'           偏移，并进入状态 39
    '('           偏移，并进入状态 41

    call  转到状态 54
    expr  转到状态 70


状态 42

   19 stmtBlock: '{' '}' •

    $default  使用规则 19 以归约 (stmtBlock)


状态 43

   12 variableDecls: variableDecl •

    $default  使用规则 12 以归约 (variableDecls)


状态 44

   13 variableDecls: variableDecls • variableDecl
   16 stmtBlock: '{' variableDecls • stmts '}'
   18          | '{' variableDecls • '}'

    IF            偏移，并进入状态 26
    WHILE         偏移，并进入状态 27
    FOR           偏移，并进入状态 28
    BREAK         偏移，并进入状态 29
    CONTINUE      偏移，并进入状态 30
    RETURN        偏移，并进入状态 31
    VAR           偏移，并进入状态 2
    CONST_BOOL    偏移，并进入状态 32
    CONST_INT     偏移，并进入状态 33
    CONST_STRING  偏移，并进入状态 34
    CONST_FLOAT   偏移，并进入状态 35
    OBJECTID      偏移，并进入状态 36
    '-'           偏移，并进入状态 37
    '!'           偏移，并进入状态 38
    '~'           偏移，并进入状态 39
    ';'           偏移，并进入状态 40
    '('           偏移，并进入状态 41
    '{'           偏移，并进入状态 22
    '}'           偏移，并进入状态 71

    variableDecl  转到状态 72
    stmts         转到状态 73
    stmtBlock     转到状态 46
    stmt          转到状态 47
    ifStmt        转到状态 48
    whileStmt     转到状态 49
    forStmt       转到状态 50
    returnStmt    转到状态 51
    continueStmt  转到状态 52
    breakStmt     转到状态 53
    call          转到状态 54
    expr          转到状态 55


状态 45

   15 stmts: stmts • stmt
   17 stmtBlock: '{' stmts • '}'

    IF            偏移，并进入状态 26
    WHILE         偏移，并进入状态 27
    FOR           偏移，并进入状态 28
    BREAK         偏移，并进入状态 29
    CONTINUE      偏移，并进入状态 30
    RETURN        偏移，并进入状态 31
    CONST_BOOL    偏移，并进入状态 32
    CONST_INT     偏移，并进入状态 33
    CONST_STRING  偏移，并进入状态 34
    CONST_FLOAT   偏移，并进入状态 35
    OBJECTID      偏移，并进入状态 36
    '-'           偏移，并进入状态 37
    '!'           偏移，并进入状态 38
    '~'           偏移，并进入状态 39
    ';'           偏移，并进入状态 40
    '('           偏移，并进入状态 41
    '{'           偏移，并进入状态 22
    '}'           偏移，并进入状态 74

    stmtBlock     转到状态 46
    stmt          转到状态 75
    ifStmt        转到状态 48
    whileStmt     转到状态 49
    forStmt       转到状态 50
    returnStmt    转到状态 51
    continueStmt  转到状态 52
    breakStmt     转到状态 53
    call          转到状态 54
    expr          转到状态 55


状态 46

   28 stmt: stmtBlock •

    $default  使用规则 28 以归约 (stmt)


状态 47

   14 stmts: stmt •

    $default  使用规则 14 以归约 (stmts)


状态 48

   22 stmt: ifStmt •

    $default  使用规则 22 以归约 (stmt)


状态 49

   23 stmt: whileStmt •

    $default  使用规则 23 以归约 (stmt)


状态 50

   24 stmt: forStmt •

    $default  使用规则 24 以归约 (stmt)


状态 51

   27 stmt: returnStmt •

    $default  使用规则 27 以归约 (stmt)


状态 52

   26 stmt: continueStmt •

    $default  使用规则 26 以归约 (stmt)


状态 53

   25 stmt: breakStmt •

    $default  使用规则 25 以归约 (stmt)


状态 54

   74 expr: call •

    $default  使用规则 74 以归约 (expr)


状态 55

   21 stmt: expr • ';'
   55 expr: expr • '+' expr
   56     | expr • '-' expr
   57     | expr • '*' expr
   58     | expr • '/' expr
   59     | expr • '%' expr
   60     | expr • '<' expr
   61     | expr • LE expr
   62     | expr • EQUAL expr
   63     | expr • NE expr
   64     | expr • GE expr
   65     | expr • '>' expr
   66     | expr • AND expr
   67     | expr • OR expr
   68     | expr • '^' expr
   72     | expr • '&' expr
   73     | expr • '|' expr

    AND    偏移，并进入状态 76
    OR     偏移，并进入状态 77
    EQUAL  偏移，并进入状态 78
    NE     偏移，并进入状态 79
    GE     偏移，并进入状态 80
    LE     偏移，并进入状态 81
    '<'    偏移，并进入状态 82
    '>'    偏移，并进入状态 83
    '+'    偏移，并进入状态 84
    '-'    偏移，并进入状态 85
    '*'    偏移，并进入状态 86
    '/'    偏移，并进入状态 87
    '%'    偏移，并进入状态 88
    '&'    偏移，并进入状态 89
    '|'    偏移，并进入状态 90
    '^'    偏移，并进入状态 91
    ';'    偏移，并进入状态 92


状态 56

   10 callDecl: FUNC OBJECTID '(' variables ')' TYPEID stmtBlock •

    $default  使用规则 10 以归约 (callDecl)


状态 57

   29 ifStmt: IF expr • stmtBlock ELSE stmtBlock
   30       | IF expr • stmtBlock
   55 expr: expr • '+' expr
   56     | expr • '-' expr
   57     | expr • '*' expr
   58     | expr • '/' expr
   59     | expr • '%' expr
   60     | expr • '<' expr
   61     | expr • LE expr
   62     | expr • EQUAL expr
   63     | expr • NE expr
   64     | expr • GE expr
   65     | expr • '>' expr
   66     | expr • AND expr
   67     | expr • OR expr
   68     | expr • '^' expr
   72     | expr • '&' expr
   73     | expr • '|' expr

    AND    偏移，并进入状态 76
    OR     偏移，并进入状态 77
    EQUAL  偏移，并进入状态 78
    NE     偏移，并进入状态 79
    GE     偏移，并进入状态 80
    LE     偏移，并进入状态 81
    '<'    偏移，并进入状态 82
    '>'    偏移，并进入状态 83
    '+'    偏移，并进入状态 84
    '-'    偏移，并进入状态 85
    '*'    偏移，并进入状态 86
    '/'    偏移，并进入状态 87
    '%'    偏移，并进入状态 88
    '&'    偏移，并进入状态 89
    '|'    偏移，并进入状态 90
    '^'    偏移，并进入状态 91
    '{'    偏移，并进入状态 22

    stmtBlock  转到状态 93


状态 58

   31 whileStmt: WHILE expr • stmtBlock
   55 expr: expr • '+' expr
   56     | expr • '-' expr
   57     | expr • '*' expr
   58     | expr • '/' expr
   59     | expr • '%' expr
   60     | expr • '<' expr
   61     | expr • LE expr
   62     | expr • EQUAL expr
   63     | expr • NE expr
   64     | expr • GE expr
   65     | expr • '>' expr
   66     | expr • AND expr
   67     | expr • OR expr
   68     | expr • '^' expr
   72     | expr • '&' expr
   73     | expr • '|' expr

    AND    偏移，并进入状态 76
    OR     偏移，并进入状态 77
    EQUAL  偏移，并进入状态 78
    NE     偏移，并进入状态 79
    GE     偏移，并进入状态 80
    LE     偏移，并进入状态 81
    '<'    偏移，并进入状态 82
    '>'    偏移，并进入状态 83
    '+'    偏移，并进入状态 84
    '-'    偏移，并进入状态 85
    '*'    偏移，并进入状态 86
    '/'    偏移，并进入状态 87
    '%'    偏移，并进入状态 88
    '&'    偏移，并进入状态 89
    '|'    偏移，并进入状态 90
    '^'    偏移，并进入状态 91
    '{'    偏移，并进入状态 22

    stmtBlock  转到状态 94


状态 59

   32 forStmt: FOR ';' • ';' stmtBlock
   34        | FOR ';' • expr ';' stmtBlock
   35        | FOR ';' • ';' expr stmtBlock
   38        | FOR ';' • expr ';' expr stmtBlock

    CONST_BOOL    偏移，并进入状态 32
    CONST_INT     偏移，并进入状态 33
    CONST_STRING  偏移，并进入状态 34
    CONST_FLOAT   偏移，并进入状态 35
    OBJECTID      偏移，并进入状态 36
    '-'           偏移，并进入状态 37
    '!'           偏移，并进入状态 38
    '~'           偏移，并进入状态 39
    ';'           偏移，并进入状态 95
    '('           偏移，并进入状态 41

    call  转到状态 54
    expr  转到状态 96


状态 60

   33 forStmt: FOR expr • ';' ';' stmtBlock
   36        | FOR expr • ';' expr ';' stmtBlock
   37        | FOR expr • ';' ';' expr stmtBlock
   39        | FOR expr • ';' expr ';' expr stmtBlock
   55 expr: expr • '+' expr
   56     | expr • '-' expr
   57     | expr • '*' expr
   58     | expr • '/' expr
   59     | expr • '%' expr
   60     | expr • '<' expr
   61     | expr • LE expr
   62     | expr • EQUAL expr
   63     | expr • NE expr
   64     | expr • GE expr
   65     | expr • '>' expr
   66     | expr • AND expr
   67     | expr • OR expr
   68     | expr • '^' expr
   72     | expr • '&' expr
   73     | expr • '|' expr

    AND    偏移，并进入状态 76
    OR     偏移，并进入状态 77
    EQUAL  偏移，并进入状态 78
    NE     偏移，并进入状态 79
    GE     偏移，并进入状态 80
    LE     偏移，并进入状态 81
    '<'    偏移，并进入状态 82
    '>'    偏移，并进入状态 83
    '+'    偏移，并进入状态 84
    '-'    偏移，并进入状态 85
    '*'    偏移，并进入状态 86
    '/'    偏移，并进入状态 87
    '%'    偏移，并进入状态 88
    '&'    偏移，并进入状态 89
    '|'    偏移，并进入状态 90
    '^'    偏移，并进入状态 91
    ';'    偏移，并进入状态 97


状态 61

   43 breakStmt: BREAK ';' •

    $default  使用规则 43 以归约 (breakStmt)


状态 62

   42 continueStmt: CONTINUE ';' •

    $default  使用规则 42 以归约 (continueStmt)


状态 63

   41 returnStmt: RETURN ';' •

    $default  使用规则 41 以归约 (returnStmt)


状态 64

   40 returnStmt: RETURN expr • ';'
   55 expr: expr • '+' expr
   56     | expr • '-' expr
   57     | expr • '*' expr
   58     | expr • '/' expr
   59     | expr • '%' expr
   60     | expr • '<' expr
   61     | expr • LE expr
   62     | expr • EQUAL expr
   63     | expr • NE expr
   64     | expr • GE expr
   65     | expr • '>' expr
   66     | expr • AND expr
   67     | expr • OR expr
   68     | expr • '^' expr
   72     | expr • '&' expr
   73     | expr • '|' expr

    AND    偏移，并进入状态 76
    OR     偏移，并进入状态 77
    EQUAL  偏移，并进入状态 78
    NE     偏移，并进入状态 79
    GE     偏移，并进入状态 80
    LE     偏移，并进入状态 81
    '<'    偏移，并进入状态 82
    '>'    偏移，并进入状态 83
    '+'    偏移，并进入状态 84
    '-'    偏移，并进入状态 85
    '*'    偏移，并进入状态 86
    '/'    偏移，并进入状态 87
    '%'    偏移，并进入状态 88
    '&'    偏移，并进入状态 89
    '|'    偏移，并进入状态 90
    '^'    偏移，并进入状态 91
    ';'    偏移，并进入状态 98


状态 65

   48 expr: OBJECTID '=' • expr

    CONST_BOOL    偏移，并进入状态 32
    CONST_INT     偏移，并进入状态 33
    CONST_STRING  偏移，并进入状态 34
    CONST_FLOAT   偏移，并进入状态 35
    OBJECTID      偏移，并进入状态 36
    '-'           偏移，并进入状态 37
    '!'           偏移，并进入状态 38
    '~'           偏移，并进入状态 39
    '('           偏移，并进入状态 41

    call  转到状态 54
    expr  转到状态 99


状态 66

   44 call: OBJECTID '(' • actuals ')'
   45     | OBJECTID '(' • ')'

    CONST_BOOL    偏移，并进入状态 32
    CONST_INT     偏移，并进入状态 33
    CONST_STRING  偏移，并进入状态 34
    CONST_FLOAT   偏移，并进入状态 35
    OBJECTID      偏移，并进入状态 36
    '-'           偏移，并进入状态 37
    '!'           偏移，并进入状态 38
    '~'           偏移，并进入状态 39
    '('           偏移，并进入状态 41
    ')'           偏移，并进入状态 100

    call     转到状态 54
    actuals  转到状态 101
    expr     转到状态 102


状态 67

   55 expr: expr • '+' expr
   56     | expr • '-' expr
   57     | expr • '*' expr
   58     | expr • '/' expr
   59     | expr • '%' expr
   60     | expr • '<' expr
   61     | expr • LE expr
   62     | expr • EQUAL expr
   63     | expr • NE expr
   64     | expr • GE expr
   65     | expr • '>' expr
   66     | expr • AND expr
   67     | expr • OR expr
   68     | expr • '^' expr
   71     | '-' expr •
   72     | expr • '&' expr
   73     | expr • '|' expr

    '&'  偏移，并进入状态 89
    '|'  偏移，并进入状态 90
    '^'  偏移，并进入状态 91

    $default  使用规则 71 以归约 (expr)


状态 68

   55 expr: expr • '+' expr
   56     | expr • '-' expr
   57     | expr • '*' expr
   58     | expr • '/' expr
   59     | expr • '%' expr
   60     | expr • '<' expr
   61     | expr • LE expr
   62     | expr • EQUAL expr
   63     | expr • NE expr
   64     | expr • GE expr
   65     | expr • '>' expr
   66     | expr • AND expr
   67     | expr • OR expr
   68     | expr • '^' expr
   69     | '!' expr •
   72     | expr • '&' expr
   73     | expr • '|' expr

    '&'  偏移，并进入状态 89
    '|'  偏移，并进入状态 90
    '^'  偏移，并进入状态 91

    $default  使用规则 69 以归约 (expr)


状态 69

   55 expr: expr • '+' expr
   56     | expr • '-' expr
   57     | expr • '*' expr
   58     | expr • '/' expr
   59     | expr • '%' expr
   60     | expr • '<' expr
   61     | expr • LE expr
   62     | expr • EQUAL expr
   63     | expr • NE expr
   64     | expr • GE expr
   65     | expr • '>' expr
   66     | expr • AND expr
   67     | expr • OR expr
   68     | expr • '^' expr
   70     | '~' expr •
   72     | expr • '&' expr
   73     | expr • '|' expr

    $default  使用规则 70 以归约 (expr)


状态 70

   53 expr: '(' expr • ')'
   55     | expr • '+' expr
   56     | expr • '-' expr
   57     | expr • '*' expr
   58     | expr • '/' expr
   59     | expr • '%' expr
   60     | expr • '<' expr
   61     | expr • LE expr
   62     | expr • EQUAL expr
   63     | expr • NE expr
   64     | expr • GE expr
   65     | expr • '>' expr
   66     | expr • AND expr
   67     | expr • OR expr
   68     | expr • '^' expr
   72     | expr • '&' expr
   73     | expr • '|' expr

    AND    偏移，并进入状态 76
    OR     偏移，并进入状态 77
    EQUAL  偏移，并进入状态 78
    NE     偏移，并进入状态 79
    GE     偏移，并进入状态 80
    LE     偏移，并进入状态 81
    '<'    偏移，并进入状态 82
    '>'    偏移，并进入状态 83
    '+'    偏移，并进入状态 84
    '-'    偏移，并进入状态 85
    '*'    偏移，并进入状态 86
    '/'    偏移，并进入状态 87
    '%'    偏移，并进入状态 88
    '&'    偏移，并进入状态 89
    '|'    偏移，并进入状态 90
    '^'    偏移，并进入状态 91
    ')'    偏移，并进入状态 103


状态 71

   18 stmtBlock: '{' variableDecls '}' •

    $default  使用规则 18 以归约 (stmtBlock)


状态 72

   13 variableDecls: variableDecls variableDecl •

    $default  使用规则 13 以归约 (variableDecls)


状态 73

   15 stmts: stmts • stmt
   16 stmtBlock: '{' variableDecls stmts • '}'

    IF            偏移，并进入状态 26
    WHILE         偏移，并进入状态 27
    FOR           偏移，并进入状态 28
    BREAK         偏移，并进入状态 29
    CONTINUE      偏移，并进入状态 30
    RETURN        偏移，并进入状态 31
    CONST_BOOL    偏移，并进入状态 32
    CONST_INT     偏移，并进入状态 33
    CONST_STRING  偏移，并进入状态 34
    CONST_FLOAT   偏移，并进入状态 35
    OBJECTID      偏移，并进入状态 36
    '-'           偏移，并进入状态 37
    '!'           偏移，并进入状态 38
    '~'           偏移，并进入状态 39
    ';'           偏移，并进入状态 40
    '('           偏移，并进入状态 41
    '{'           偏移，并进入状态 22
    '}'           偏移，并进入状态 104

    stmtBlock     转到状态 46
    stmt          转到状态 75
    ifStmt        转到状态 48
    whileStmt     转到状态 49
    forStmt       转到状态 50
    returnStmt    转到状态 51
    continueStmt  转到状态 52
    breakStmt     转到状态 53
    call          转到状态 54
    expr          转到状态 55


状态 74

   17 stmtBlock: '{' stmts '}' •

    $default  使用规则 17 以归约 (stmtBlock)


状态 75

   15 stmts: stmts stmt •

    $default  使用规则 15 以归约 (stmts)


状态 76

   66 expr: expr AND • expr

    CONST_BOOL    偏移，并进入状态 32
    CONST_INT     偏移，并进入状态 33
    CONST_STRING  偏移，并进入状态 34
    CONST_FLOAT   偏移，并进入状态 35
    OBJECTID      偏移，并进入状态 36
    '-'           偏移，并进入状态 37
    '!'           偏移，并进入状态 38
    '~'           偏移，并进入状态 39
    '('           偏移，并进入状态 41

    call  转到状态 54
    expr  转到状态 105


状态 77

   67 expr: expr OR • expr

    CONST_BOOL    偏移，并进入状态 32
    CONST_INT     偏移，并进入状态 33
    CONST_STRING  偏移，并进入状态 34
    CONST_FLOAT   偏移，并进入状态 35
    OBJECTID      偏移，并进入状态 36
    '-'           偏移，并进入状态 37
    '!'           偏移，并进入状态 38
    '~'           偏移，并进入状态 39
    '('           偏移，并进入状态 41

    call  转到状态 54
    expr  转到状态 106


状态 78

   62 expr: expr EQUAL • expr

    CONST_BOOL    偏移，并进入状态 32
    CONST_INT     偏移，并进入状态 33
    CONST_STRING  偏移，并进入状态 34
    CONST_FLOAT   偏移，并进入状态 35
    OBJECTID      偏移，并进入状态 36
    '-'           偏移，并进入状态 37
    '!'           偏移，并进入状态 38
    '~'           偏移，并进入状态 39
    '('           偏移，并进入状态 41

    call  转到状态 54
    expr  转到状态 107


状态 79

   63 expr: expr NE • expr

    CONST_BOOL    偏移，并进入状态 32
    CONST_INT     偏移，并进入状态 33
    CONST_STRING  偏移，并进入状态 34
    CONST_FLOAT   偏移，并进入状态 35
    OBJECTID      偏移，并进入状态 36
    '-'           偏移，并进入状态 37
    '!'           偏移，并进入状态 38
    '~'           偏移，并进入状态 39
    '('           偏移，并进入状态 41

    call  转到状态 54
    expr  转到状态 108


状态 80

   64 expr: expr GE • expr

    CONST_BOOL    偏移，并进入状态 32
    CONST_INT     偏移，并进入状态 33
    CONST_STRING  偏移，并进入状态 34
    CONST_FLOAT   偏移，并进入状态 35
    OBJECTID      偏移，并进入状态 36
    '-'           偏移，并进入状态 37
    '!'           偏移，并进入状态 38
    '~'           偏移，并进入状态 39
    '('           偏移，并进入状态 41

    call  转到状态 54
    expr  转到状态 109


状态 81

   61 expr: expr LE • expr

    CONST_BOOL    偏移，并进入状态 32
    CONST_INT     偏移，并进入状态 33
    CONST_STRING  偏移，并进入状态 34
    CONST_FLOAT   偏移，并进入状态 35
    OBJECTID      偏移，并进入状态 36
    '-'           偏移，并进入状态 37
    '!'           偏移，并进入状态 38
    '~'           偏移，并进入状态 39
    '('           偏移，并进入状态 41

    call  转到状态 54
    expr  转到状态 110


状态 82

   60 expr: expr '<' • expr

    CONST_BOOL    偏移，并进入状态 32
    CONST_INT     偏移，并进入状态 33
    CONST_STRING  偏移，并进入状态 34
    CONST_FLOAT   偏移，并进入状态 35
    OBJECTID      偏移，并进入状态 36
    '-'           偏移，并进入状态 37
    '!'           偏移，并进入状态 38
    '~'           偏移，并进入状态 39
    '('           偏移，并进入状态 41

    call  转到状态 54
    expr  转到状态 111


状态 83

   65 expr: expr '>' • expr

    CONST_BOOL    偏移，并进入状态 32
    CONST_INT     偏移，并进入状态 33
    CONST_STRING  偏移，并进入状态 34
    CONST_FLOAT   偏移，并进入状态 35
    OBJECTID      偏移，并进入状态 36
    '-'           偏移，并进入状态 37
    '!'           偏移，并进入状态 38
    '~'           偏移，并进入状态 39
    '('           偏移，并进入状态 41

    call  转到状态 54
    expr  转到状态 112


状态 84

   55 expr: expr '+' • expr

    CONST_BOOL    偏移，并进入状态 32
    CONST_INT     偏移，并进入状态 33
    CONST_STRING  偏移，并进入状态 34
    CONST_FLOAT   偏移，并进入状态 35
    OBJECTID      偏移，并进入状态 36
    '-'           偏移，并进入状态 37
    '!'           偏移，并进入状态 38
    '~'           偏移，并进入状态 39
    '('           偏移，并进入状态 41

    call  转到状态 54
    expr  转到状态 113


状态 85

   56 expr: expr '-' • expr

    CONST_BOOL    偏移，并进入状态 32
    CONST_INT     偏移，并进入状态 33
    CONST_STRING  偏移，并进入状态 34
    CONST_FLOAT   偏移，并进入状态 35
    OBJECTID      偏移，并进入状态 36
    '-'           偏移，并进入状态 37
    '!'           偏移，并进入状态 38
    '~'           偏移，并进入状态 39
    '('           偏移，并进入状态 41

    call  转到状态 54
    expr  转到状态 114


状态 86

   57 expr: expr '*' • expr

    CONST_BOOL    偏移，并进入状态 32
    CONST_INT     偏移，并进入状态 33
    CONST_STRING  偏移，并进入状态 34
    CONST_FLOAT   偏移，并进入状态 35
    OBJECTID      偏移，并进入状态 36
    '-'           偏移，并进入状态 37
    '!'           偏移，并进入状态 38
    '~'           偏移，并进入状态 39
    '('           偏移，并进入状态 41

    call  转到状态 54
    expr  转到状态 115


状态 87

   58 expr: expr '/' • expr

    CONST_BOOL    偏移，并进入状态 32
    CONST_INT     偏移，并进入状态 33
    CONST_STRING  偏移，并进入状态 34
    CONST_FLOAT   偏移，并进入状态 35
    OBJECTID      偏移，并进入状态 36
    '-'           偏移，并进入状态 37
    '!'           偏移，并进入状态 38
    '~'           偏移，并进入状态 39
    '('           偏移，并进入状态 41

    call  转到状态 54
    expr  转到状态 116


状态 88

   59 expr: expr '%' • expr

    CONST_BOOL    偏移，并进入状态 32
    CONST_INT     偏移，并进入状态 33
    CONST_STRING  偏移，并进入状态 34
    CONST_FLOAT   偏移，并进入状态 35
    OBJECTID      偏移，并进入状态 36
    '-'           偏移，并进入状态 37
    '!'           偏移，并进入状态 38
    '~'           偏移，并进入状态 39
    '('           偏移，并进入状态 41

    call  转到状态 54
    expr  转到状态 117


状态 89

   72 expr: expr '&' • expr

    CONST_BOOL    偏移，并进入状态 32
    CONST_INT     偏移，并进入状态 33
    CONST_STRING  偏移，并进入状态 34
    CONST_FLOAT   偏移，并进入状态 35
    OBJECTID      偏移，并进入状态 36
    '-'           偏移，并进入状态 37
    '!'           偏移，并进入状态 38
    '~'           偏移，并进入状态 39
    '('           偏移，并进入状态 41

    call  转到状态 54
    expr  转到状态 118


状态 90

   73 expr: expr '|' • expr

    CONST_BOOL    偏移，并进入状态 32
    CONST_INT     偏移，并进入状态 33
    CONST_STRING  偏移，并进入状态 34
    CONST_FLOAT   偏移，并进入状态 35
    OBJECTID      偏移，并进入状态 36
    '-'           偏移，并进入状态 37
    '!'           偏移，并进入状态 38
    '~'           偏移，并进入状态 39
    '('           偏移，并进入状态 41

    call  转到状态 54
    expr  转到状态 119


状态 91

   68 expr: expr '^' • expr

    CONST_BOOL    偏移，并进入状态 32
    CONST_INT     偏移，并进入状态 33
    CONST_STRING  偏移，并进入状态 34
    CONST_FLOAT   偏移，并进入状态 35
    OBJECTID      偏移，并进入状态 36
    '-'           偏移，并进入状态 37
    '!'           偏移，并进入状态 38
    '~'           偏移，并进入状态 39
    '('           偏移，并进入状态 41

    call  转到状态 54
    expr  转到状态 120


状态 92

   21 stmt: expr ';' •

    $default  使用规则 21 以归约 (stmt)


状态 93

   29 ifStmt: IF expr stmtBlock • ELSE stmtBlock
   30       | IF expr stmtBlock •

    ELSE  偏移，并进入状态 121

    $default  使用规则 30 以归约 (ifStmt)


状态 94

   31 whileStmt: WHILE expr stmtBlock •

    $default  使用规则 31 以归约 (whileStmt)


状态 95

   32 forStmt: FOR ';' ';' • stmtBlock
   35        | FOR ';' ';' • expr stmtBlock

    CONST_BOOL    偏移，并进入状态 32
    CONST_INT     偏移，并进入状态 33
    CONST_STRING  偏移，并进入状态 34
    CONST_FLOAT   偏移，并进入状态 35
    OBJECTID      偏移，并进入状态 36
    '-'           偏移，并进入状态 37
    '!'           偏移，并进入状态 38
    '~'           偏移，并进入状态 39
    '('           偏移，并进入状态 41
    '{'           偏移，并进入状态 22

    stmtBlock  转到状态 122
    call       转到状态 54
    expr       转到状态 123


状态 96

   34 forStmt: FOR ';' expr • ';' stmtBlock
   38        | FOR ';' expr • ';' expr stmtBlock
   55 expr: expr • '+' expr
   56     | expr • '-' expr
   57     | expr • '*' expr
   58     | expr • '/' expr
   59     | expr • '%' expr
   60     | expr • '<' expr
   61     | expr • LE expr
   62     | expr • EQUAL expr
   63     | expr • NE expr
   64     | expr • GE expr
   65     | expr • '>' expr
   66     | expr • AND expr
   67     | expr • OR expr
   68     | expr • '^' expr
   72     | expr • '&' expr
   73     | expr • '|' expr

    AND    偏移，并进入状态 76
    OR     偏移，并进入状态 77
    EQUAL  偏移，并进入状态 78
    NE     偏移，并进入状态 79
    GE     偏移，并进入状态 80
    LE     偏移，并进入状态 81
    '<'    偏移，并进入状态 82
    '>'    偏移，并进入状态 83
    '+'    偏移，并进入状态 84
    '-'    偏移，并进入状态 85
    '*'    偏移，并进入状态 86
    '/'    偏移，并进入状态 87
    '%'    偏移，并进入状态 88
    '&'    偏移，并进入状态 89
    '|'    偏移，并进入状态 90
    '^'    偏移，并进入状态 91
    ';'    偏移，并进入状态 124


状态 97

   33 forStmt: FOR expr ';' • ';' stmtBlock
   36        | FOR expr ';' • expr ';' stmtBlock
   37        | FOR expr ';' • ';' expr stmtBlock
   39        | FOR expr ';' • expr ';' expr stmtBlock

    CONST_BOOL    偏移，并进入状态 32
    CONST_INT     偏移，并进入状态 33
    CONST_STRING  偏移，并进入状态 34
    CONST_FLOAT   偏移，并进入状态 35
    OBJECTID      偏移，并进入状态 36
    '-'           偏移，并进入状态 37
    '!'           偏移，并进入状态 38
    '~'           偏移，并进入状态 39
    ';'           偏移，并进入状态 125
    '('           偏移，并进入状态 41

    call  转到状态 54
    expr  转到状态 126


状态 98

   40 returnStmt: RETURN expr ';' •

    $default  使用规则 40 以归约 (returnStmt)


状态 99

   48 expr: OBJECTID '=' expr •
   55     | expr • '+' expr
   56     | expr • '-' expr
   57     | expr • '*' expr
   58     | expr • '/' expr
   59     | expr • '%' expr
   60     | expr • '<' expr
   61     | expr • LE expr
   62     | expr • EQUAL expr
   63     | expr • NE expr
   64     | expr • GE expr
   65     | expr • '>' expr
   66     | expr • AND expr
   67     | expr • OR expr
   68     | expr • '^' expr
   72     | expr • '&' expr
   73     | expr • '|' expr

    AND    偏移，并进入状态 76
    OR     偏移，并进入状态 77
    EQUAL  偏移，并进入状态 78
    NE     偏移，并进入状态 79
    GE     偏移，并进入状态 80
    LE     偏移，并进入状态 81
    '<'    偏移，并进入状态 82
    '>'    偏移，并进入状态 83
    '+'    偏移，并进入状态 84
    '-'    偏移，并进入状态 85
    '*'    偏移，并进入状态 86
    '/'    偏移，并进入状态 87
    '%'    偏移，并进入状态 88
    '&'    偏移，并进入状态 89
    '|'    偏移，并进入状态 90
    '^'    偏移，并进入状态 91

    $default  使用规则 48 以归约 (expr)


状态 100

   45 call: OBJECTID '(' ')' •

    $default  使用规则 45 以归约 (call)


状态 101

   44 call: OBJECTID '(' actuals • ')'
   47 actuals: actuals • ',' expr

    ','  偏移，并进入状态 127
    ')'  偏移，并进入状态 128


状态 102

   46 actuals: expr •
   55 expr: expr • '+' expr
   56     | expr • '-' expr
   57     | expr • '*' expr
   58     | expr • '/' expr
   59     | expr • '%' expr
   60     | expr • '<' expr
   61     | expr • LE expr
   62     | expr • EQUAL expr
   63     | expr • NE expr
   64     | expr • GE expr
   65     | expr • '>' expr
   66     | expr • AND expr
   67     | expr • OR expr
   68     | expr • '^' expr
   72     | expr • '&' expr
   73     | expr • '|' expr

    AND    偏移，并进入状态 76
    OR     偏移，并进入状态 77
    EQUAL  偏移，并进入状态 78
    NE     偏移，并进入状态 79
    GE     偏移，并进入状态 80
    LE     偏移，并进入状态 81
    '<'    偏移，并进入状态 82
    '>'    偏移，并进入状态 83
    '+'    偏移，并进入状态 84
    '-'    偏移，并进入状态 85
    '*'    偏移，并进入状态 86
    '/'    偏移，并进入状态 87
    '%'    偏移，并进入状态 88
    '&'    偏移，并进入状态 89
    '|'    偏移，并进入状态 90
    '^'    偏移，并进入状态 91

    $default  使用规则 46 以归约 (actuals)


状态 103

   53 expr: '(' expr ')' •

    $default  使用规则 53 以归约 (expr)


状态 104

   16 stmtBlock: '{' variableDecls stmts '}' •

    $default  使用规则 16 以归约 (stmtBlock)


状态 105

   55 expr: expr • '+' expr
   56     | expr • '-' expr
   57     | expr • '*' expr
   58     | expr • '/' expr
   59     | expr • '%' expr
   60     | expr • '<' expr
   61     | expr • LE expr
   62     | expr • EQUAL expr
   63     | expr • NE expr
   64     | expr • GE expr
   65     | expr • '>' expr
   66     | expr • AND expr
   66     | expr AND expr •
   67     | expr • OR expr
   68     | expr • '^' expr
   72     | expr • '&' expr
   73     | expr • '|' expr

    AND    偏移，并进入状态 76
    EQUAL  偏移，并进入状态 78
    NE     偏移，并进入状态 79
    GE     偏移，并进入状态 80
    LE     偏移，并进入状态 81
    '<'    偏移，并进入状态 82
    '>'    偏移，并进入状态 83
    '+'    偏移，并进入状态 84
    '-'    偏移，并进入状态 85
    '*'    偏移，并进入状态 86
    '/'    偏移，并进入状态 87
    '%'    偏移，并进入状态 88
    '&'    偏移，并进入状态 89
    '|'    偏移，并进入状态 90
    '^'    偏移，并进入状态 91

    $default  使用规则 66 以归约 (expr)


状态 106

   55 expr: expr • '+' expr
   56     | expr • '-' expr
   57     | expr • '*' expr
   58     | expr • '/' expr
   59     | expr • '%' expr
   60     | expr • '<' expr
   61     | expr • LE expr
   62     | expr • EQUAL expr
   63     | expr • NE expr
   64     | expr • GE expr
   65     | expr • '>' expr
   66     | expr • AND expr
   67     | expr • OR expr
   67     | expr OR expr •
   68     | expr • '^' expr
   72     | expr • '&' expr
   73     | expr • '|' expr

    AND    偏移，并进入状态 76
    OR     偏移，并进入状态 77
    EQUAL  偏移，并进入状态 78
    NE     偏移，并进入状态 79
    GE     偏移，并进入状态 80
    LE     偏移，并进入状态 81
    '<'    偏移，并进入状态 82
    '>'    偏移，并进入状态 83
    '+'    偏移，并进入状态 84
    '-'    偏移，并进入状态 85
    '*'    偏移，并进入状态 86
    '/'    偏移，并进入状态 87
    '%'    偏移，并进入状态 88
    '&'    偏移，并进入状态 89
    '|'    偏移，并进入状态 90
    '^'    偏移，并进入状态 91

    $default  使用规则 67 以归约 (expr)


状态 107

   55 expr: expr • '+' expr
   56     | expr • '-' expr
   57     | expr • '*' expr
   58     | expr • '/' expr
   59     | expr • '%' expr
   60     | expr • '<' expr
   61     | expr • LE expr
   62     | expr • EQUAL expr
   62     | expr EQUAL expr •
   63     | expr • NE expr
   64     | expr • GE expr
   65     | expr • '>' expr
   66     | expr • AND expr
   67     | expr • OR expr
   68     | expr • '^' expr
   72     | expr • '&' expr
   73     | expr • '|' expr

    GE   偏移，并进入状态 80
    LE   偏移，并进入状态 81
    '<'  偏移，并进入状态 82
    '>'  偏移，并进入状态 83
    '+'  偏移，并进入状态 84
    '-'  偏移，并进入状态 85
    '*'  偏移，并进入状态 86
    '/'  偏移，并进入状态 87
    '%'  偏移，并进入状态 88
    '&'  偏移，并进入状态 89
    '|'  偏移，并进入状态 90
    '^'  偏移，并进入状态 91

    EQUAL  错误 (非相联的)
    NE     错误 (非相联的)

    $default  使用规则 62 以归约 (expr)


状态 108

   55 expr: expr • '+' expr
   56     | expr • '-' expr
   57     | expr • '*' expr
   58     | expr • '/' expr
   59     | expr • '%' expr
   60     | expr • '<' expr
   61     | expr • LE expr
   62     | expr • EQUAL expr
   63     | expr • NE expr
   63     | expr NE expr •
   64     | expr • GE expr
   65     | expr • '>' expr
   66     | expr • AND expr
   67     | expr • OR expr
   68     | expr • '^' expr
   72     | expr • '&' expr
   73     | expr • '|' expr

    GE   偏移，并进入状态 80
    LE   偏移，并进入状态 81
    '<'  偏移，并进入状态 82
    '>'  偏移，并进入状态 83
    '+'  偏移，并进入状态 84
    '-'  偏移，并进入状态 85
    '*'  偏移，并进入状态 86
    '/'  偏移，并进入状态 87
    '%'  偏移，并进入状态 88
    '&'  偏移，并进入状态 89
    '|'  偏移，并进入状态 90
    '^'  偏移，并进入状态 91

    EQUAL  错误 (非相联的)
    NE     错误 (非相联的)

    $default  使用规则 63 以归约 (expr)


状态 109

   55 expr: expr • '+' expr
   56     | expr • '-' expr
   57     | expr • '*' expr
   58     | expr • '/' expr
   59     | expr • '%' expr
   60     | expr • '<' expr
   61     | expr • LE expr
   62     | expr • EQUAL expr
   63     | expr • NE expr
   64     | expr • GE expr
   64     | expr GE expr •
   65     | expr • '>' expr
   66     | expr • AND expr
   67     | expr • OR expr
   68     | expr • '^' expr
   72     | expr • '&' expr
   73     | expr • '|' expr

    '+'  偏移，并进入状态 84
    '-'  偏移，并进入状态 85
    '*'  偏移，并进入状态 86
    '/'  偏移，并进入状态 87
    '%'  偏移，并进入状态 88
    '&'  偏移，并进入状态 89
    '|'  偏移，并进入状态 90
    '^'  偏移，并进入状态 91

    GE   错误 (非相联的)
    LE   错误 (非相联的)
    '<'  错误 (非相联的)
    '>'  错误 (非相联的)

    $default  使用规则 64 以归约 (expr)


状态 110

   55 expr: expr • '+' expr
   56     | expr • '-' expr
   57     | expr • '*' expr
   58     | expr • '/' expr
   59     | expr • '%' expr
   60     | expr • '<' expr
   61     | expr • LE expr
   61     | expr LE expr •
   62     | expr • EQUAL expr
   63     | expr • NE expr
   64     | expr • GE expr
   65     | expr • '>' expr
   66     | expr • AND expr
   67     | expr • OR expr
   68     | expr • '^' expr
   72     | expr • '&' expr
   73     | expr • '|' expr

    '+'  偏移，并进入状态 84
    '-'  偏移，并进入状态 85
    '*'  偏移，并进入状态 86
    '/'  偏移，并进入状态 87
    '%'  偏移，并进入状态 88
    '&'  偏移，并进入状态 89
    '|'  偏移，并进入状态 90
    '^'  偏移，并进入状态 91

    GE   错误 (非相联的)
    LE   错误 (非相联的)
    '<'  错误 (非相联的)
    '>'  错误 (非相联的)

    $default  使用规则 61 以归约 (expr)


状态 111

   55 expr: expr • '+' expr
   56     | expr • '-' expr
   57     | expr • '*' expr
   58     | expr • '/' expr
   59     | expr • '%' expr
   60     | expr • '<' expr
   60     | expr '<' expr •
   61     | expr • LE expr
   62     | expr • EQUAL expr
   63     | expr • NE expr
   64     | expr • GE expr
   65     | expr • '>' expr
   66     | expr • AND expr
   67     | expr • OR expr
   68     | expr • '^' expr
   72     | expr • '&' expr
   73     | expr • '|' expr

    '+'  偏移，并进入状态 84
    '-'  偏移，并进入状态 85
    '*'  偏移，并进入状态 86
    '/'  偏移，并进入状态 87
    '%'  偏移，并进入状态 88
    '&'  偏移，并进入状态 89
    '|'  偏移，并进入状态 90
    '^'  偏移，并进入状态 91

    GE   错误 (非相联的)
    LE   错误 (非相联的)
    '<'  错误 (非相联的)
    '>'  错误 (非相联的)

    $default  使用规则 60 以归约 (expr)


状态 112

   55 expr: expr • '+' expr
   56     | expr • '-' expr
   57     | expr • '*' expr
   58     | expr • '/' expr
   59     | expr • '%' expr
   60     | expr • '<' expr
   61     | expr • LE expr
   62     | expr • EQUAL expr
   63     | expr • NE expr
   64     | expr • GE expr
   65     | expr • '>' expr
   65     | expr '>' expr •
   66     | expr • AND expr
   67     | expr • OR expr
   68     | expr • '^' expr
   72     | expr • '&' expr
   73     | expr • '|' expr

    '+'  偏移，并进入状态 84
    '-'  偏移，并进入状态 85
    '*'  偏移，并进入状态 86
    '/'  偏移，并进入状态 87
    '%'  偏移，并进入状态 88
    '&'  偏移，并进入状态 89
    '|'  偏移，并进入状态 90
    '^'  偏移，并进入状态 91

    GE   错误 (非相联的)
    LE   错误 (非相联的)
    '<'  错误 (非相联的)
    '>'  错误 (非相联的)

    $default  使用规则 65 以归约 (expr)


状态 113

   55 expr: expr • '+' expr
   55     | expr '+' expr •
   56     | expr • '-' expr
   57     | expr • '*' expr
   58     | expr • '/' expr
   59     | expr • '%' expr
   60     | expr • '<' expr
   61     | expr • LE expr
   62     | expr • EQUAL expr
   63     | expr • NE expr
   64     | expr • GE expr
   65     | expr • '>' expr
   66     | expr • AND expr
   67     | expr • OR expr
   68     | expr • '^' expr
   72     | expr • '&' expr
   73     | expr • '|' expr

    '*'  偏移，并进入状态 86
    '/'  偏移，并进入状态 87
    '%'  偏移，并进入状态 88
    '&'  偏移，并进入状态 89
    '|'  偏移，并进入状态 90
    '^'  偏移，并进入状态 91

    $default  使用规则 55 以归约 (expr)


状态 114

   55 expr: expr • '+' expr
   56     | expr • '-' expr
   56     | expr '-' expr •
   57     | expr • '*' expr
   58     | expr • '/' expr
   59     | expr • '%' expr
   60     | expr • '<' expr
   61     | expr • LE expr
   62     | expr • EQUAL expr
   63     | expr • NE expr
   64     | expr • GE expr
   65     | expr • '>' expr
   66     | expr • AND expr
   67     | expr • OR expr
   68     | expr • '^' expr
   72     | expr • '&' expr
   73     | expr • '|' expr

    '*'  偏移，并进入状态 86
    '/'  偏移，并进入状态 87
    '%'  偏移，并进入状态 88
    '&'  偏移，并进入状态 89
    '|'  偏移，并进入状态 90
    '^'  偏移，并进入状态 91

    $default  使用规则 56 以归约 (expr)


状态 115

   55 expr: expr • '+' expr
   56     | expr • '-' expr
   57     | expr • '*' expr
   57     | expr '*' expr •
   58     | expr • '/' expr
   59     | expr • '%' expr
   60     | expr • '<' expr
   61     | expr • LE expr
   62     | expr • EQUAL expr
   63     | expr • NE expr
   64     | expr • GE expr
   65     | expr • '>' expr
   66     | expr • AND expr
   67     | expr • OR expr
   68     | expr • '^' expr
   72     | expr • '&' expr
   73     | expr • '|' expr

    '&'  偏移，并进入状态 89
    '|'  偏移，并进入状态 90
    '^'  偏移，并进入状态 91

    $default  使用规则 57 以归约 (expr)


状态 116

   55 expr: expr • '+' expr
   56     | expr • '-' expr
   57     | expr • '*' expr
   58     | expr • '/' expr
   58     | expr '/' expr •
   59     | expr • '%' expr
   60     | expr • '<' expr
   61     | expr • LE expr
   62     | expr • EQUAL expr
   63     | expr • NE expr
   64     | expr • GE expr
   65     | expr • '>' expr
   66     | expr • AND expr
   67     | expr • OR expr
   68     | expr • '^' expr
   72     | expr • '&' expr
   73     | expr • '|' expr

    '&'  偏移，并进入状态 89
    '|'  偏移，并进入状态 90
    '^'  偏移，并进入状态 91

    $default  使用规则 58 以归约 (expr)


状态 117

   55 expr: expr • '+' expr
   56     | expr • '-' expr
   57     | expr • '*' expr
   58     | expr • '/' expr
   59     | expr • '%' expr
   59     | expr '%' expr •
   60     | expr • '<' expr
   61     | expr • LE expr
   62     | expr • EQUAL expr
   63     | expr • NE expr
   64     | expr • GE expr
   65     | expr • '>' expr
   66     | expr • AND expr
   67     | expr • OR expr
   68     | expr • '^' expr
   72     | expr • '&' expr
   73     | expr • '|' expr

    '&'  偏移，并进入状态 89
    '|'  偏移，并进入状态 90
    '^'  偏移，并进入状态 91

    $default  使用规则 59 以归约 (expr)


状态 118

   55 expr: expr • '+' expr
   56     | expr • '-' expr
   57     | expr • '*' expr
   58     | expr • '/' expr
   59     | expr • '%' expr
   60     | expr • '<' expr
   61     | expr • LE expr
   62     | expr • EQUAL expr
   63     | expr • NE expr
   64     | expr • GE expr
   65     | expr • '>' expr
   66     | expr • AND expr
   67     | expr • OR expr
   68     | expr • '^' expr
   72     | expr • '&' expr
   72     | expr '&' expr •
   73     | expr • '|' expr

    $default  使用规则 72 以归约 (expr)


状态 119

   55 expr: expr • '+' expr
   56     | expr • '-' expr
   57     | expr • '*' expr
   58     | expr • '/' expr
   59     | expr • '%' expr
   60     | expr • '<' expr
   61     | expr • LE expr
   62     | expr • EQUAL expr
   63     | expr • NE expr
   64     | expr • GE expr
   65     | expr • '>' expr
   66     | expr • AND expr
   67     | expr • OR expr
   68     | expr • '^' expr
   72     | expr • '&' expr
   73     | expr • '|' expr
   73     | expr '|' expr •

    $default  使用规则 73 以归约 (expr)


状态 120

   55 expr: expr • '+' expr
   56     | expr • '-' expr
   57     | expr • '*' expr
   58     | expr • '/' expr
   59     | expr • '%' expr
   60     | expr • '<' expr
   61     | expr • LE expr
   62     | expr • EQUAL expr
   63     | expr • NE expr
   64     | expr • GE expr
   65     | expr • '>' expr
   66     | expr • AND expr
   67     | expr • OR expr
   68     | expr • '^' expr
   68     | expr '^' expr •
   72     | expr • '&' expr
   73     | expr • '|' expr

    $default  使用规则 68 以归约 (expr)


状态 121

   29 ifStmt: IF expr stmtBlock ELSE • stmtBlock

    '{'  偏移，并进入状态 22

    stmtBlock  转到状态 129


状态 122

   32 forStmt: FOR ';' ';' stmtBlock •

    $default  使用规则 32 以归约 (forStmt)


状态 123

   35 forStmt: FOR ';' ';' expr • stmtBlock
   55 expr: expr • '+' expr
   56     | expr • '-' expr
   57     | expr • '*' expr
   58     | expr • '/' expr
   59     | expr • '%' expr
   60     | expr • '<' expr
   61     | expr • LE expr
   62     | expr • EQUAL expr
   63     | expr • NE expr
   64     | expr • GE expr
   65     | expr • '>' expr
   66     | expr • AND expr
   67     | expr • OR expr
   68     | expr • '^' expr
   72     | expr • '&' expr
   73     | expr • '|' expr

    AND    偏移，并进入状态 76
    OR     偏移，并进入状态 77
    EQUAL  偏移，并进入状态 78
    NE     偏移，并进入状态 79
    GE     偏移，并进入状态 80
    LE     偏移，并进入状态 81
    '<'    偏移，并进入状态 82
    '>'    偏移，并进入状态 83
    '+'    偏移，并进入状态 84
    '-'    偏移，并进入状态 85
    '*'    偏移，并进入状态 86
    '/'    偏移，并进入状态 87
    '%'    偏移，并进入状态 88
    '&'    偏移，并进入状态 89
    '|'    偏移，并进入状态 90
    '^'    偏移，并进入状态 91
    '{'    偏移，并进入状态 22

    stmtBlock  转到状态 130


状态 124

   34 forStmt: FOR ';' expr ';' • stmtBlock
   38        | FOR ';' expr ';' • expr stmtBlock

    CONST_BOOL    偏移，并进入状态 32
    CONST_INT     偏移，并进入状态 33
    CONST_STRING  偏移，并进入状态 34
    CONST_FLOAT   偏移，并进入状态 35
    OBJECTID      偏移，并进入状态 36
    '-'           偏移，并进入状态 37
    '!'           偏移，并进入状态 38
    '~'           偏移，并进入状态 39
    '('           偏移，并进入状态 41
    '{'           偏移，并进入状态 22

    stmtBlock  转到状态 131
    call       转到状态 54
    expr       转到状态 132


状态 125

   33 forStmt: FOR expr ';' ';' • stmtBlock
   37        | FOR expr ';' ';' • expr stmtBlock

    CONST_BOOL    偏移，并进入状态 32
    CONST_INT     偏移，并进入状态 33
    CONST_STRING  偏移，并进入状态 34
    CONST_FLOAT   偏移，并进入状态 35
    OBJECTID      偏移，并进入状态 36
    '-'           偏移，并进入状态 37
    '!'           偏移，并进入状态 38
    '~'           偏移，并进入状态 39
    '('           偏移，并进入状态 41
    '{'           偏移，并进入状态 22

    stmtBlock  转到状态 133
    call       转到状态 54
    expr       转到状态 134


状态 126

   36 forStmt: FOR expr ';' expr • ';' stmtBlock
   39        | FOR expr ';' expr • ';' expr stmtBlock
   55 expr: expr • '+' expr
   56     | expr • '-' expr
   57     | expr • '*' expr
   58     | expr • '/' expr
   59     | expr • '%' expr
   60     | expr • '<' expr
   61     | expr • LE expr
   62     | expr • EQUAL expr
   63     | expr • NE expr
   64     | expr • GE expr
   65     | expr • '>' expr
   66     | expr • AND expr
   67     | expr • OR expr
   68     | expr • '^' expr
   72     | expr • '&' expr
   73     | expr • '|' expr

    AND    偏移，并进入状态 76
    OR     偏移，并进入状态 77
    EQUAL  偏移，并进入状态 78
    NE     偏移，并进入状态 79
    GE     偏移，并进入状态 80
    LE     偏移，并进入状态 81
    '<'    偏移，并进入状态 82
    '>'    偏移，并进入状态 83
    '+'    偏移，并进入状态 84
    '-'    偏移，并进入状态 85
    '*'    偏移，并进入状态 86
    '/'    偏移，并进入状态 87
    '%'    偏移，并进入状态 88
    '&'    偏移，并进入状态 89
    '|'    偏移，并进入状态 90
    '^'    偏移，并进入状态 91
    ';'    偏移，并进入状态 135


状态 127

   47 actuals: actuals ',' • expr

    CONST_BOOL    偏移，并进入状态 32
    CONST_INT     偏移，并进入状态 33
    CONST_STRING  偏移，并进入状态 34
    CONST_FLOAT   偏移，并进入状态 35
    OBJECTID      偏移，并进入状态 36
    '-'           偏移，并进入状态 37
    '!'           偏移，并进入状态 38
    '~'           偏移，并进入状态 39
    '('           偏移，并进入状态 41

    call  转到状态 54
    expr  转到状态 136


状态 128

   44 call: OBJECTID '(' actuals ')' •

    $default  使用规则 44 以归约 (call)


状态 129

   29 ifStmt: IF expr stmtBlock ELSE stmtBlock •

    $default  使用规则 29 以归约 (ifStmt)


状态 130

   35 forStmt: FOR ';' ';' expr stmtBlock •

    $default  使用规则 35 以归约 (forStmt)


状态 131

   34 forStmt: FOR ';' expr ';' stmtBlock •

    $default  使用规则 34 以归约 (forStmt)


状态 132

   38 forStmt: FOR ';' expr ';' expr • stmtBlock
   55 expr: expr • '+' expr
   56     | expr • '-' expr
   57     | expr • '*' expr
   58     | expr • '/' expr
   59     | expr • '%' expr
   60     | expr • '<' expr
   61     | expr • LE expr
   62     | expr • EQUAL expr
   63     | expr • NE expr
   64     | expr • GE expr
   65     | expr • '>' expr
   66     | expr • AND expr
   67     | expr • OR expr
   68     | expr • '^' expr
   72     | expr • '&' expr
   73     | expr • '|' expr

    AND    偏移，并进入状态 76
    OR     偏移，并进入状态 77
    EQUAL  偏移，并进入状态 78
    NE     偏移，并进入状态 79
    GE     偏移，并进入状态 80
    LE     偏移，并进入状态 81
    '<'    偏移，并进入状态 82
    '>'    偏移，并进入状态 83
    '+'    偏移，并进入状态 84
    '-'    偏移，并进入状态 85
    '*'    偏移，并进入状态 86
    '/'    偏移，并进入状态 87
    '%'    偏移，并进入状态 88
    '&'    偏移，并进入状态 89
    '|'    偏移，并进入状态 90
    '^'    偏移，并进入状态 91
    '{'    偏移，并进入状态 22

    stmtBlock  转到状态 137


状态 133

   33 forStmt: FOR expr ';' ';' stmtBlock •

    $default  使用规则 33 以归约 (forStmt)


状态 134

   37 forStmt: FOR expr ';' ';' expr • stmtBlock
   55 expr: expr • '+' expr
   56     | expr • '-' expr
   57     | expr • '*' expr
   58     | expr • '/' expr
   59     | expr • '%' expr
   60     | expr • '<' expr
   61     | expr • LE expr
   62     | expr • EQUAL expr
   63     | expr • NE expr
   64     | expr • GE expr
   65     | expr • '>' expr
   66     | expr • AND expr
   67     | expr • OR expr
   68     | expr • '^' expr
   72     | expr • '&' expr
   73     | expr • '|' expr

    AND    偏移，并进入状态 76
    OR     偏移，并进入状态 77
    EQUAL  偏移，并进入状态 78
    NE     偏移，并进入状态 79
    GE     偏移，并进入状态 80
    LE     偏移，并进入状态 81
    '<'    偏移，并进入状态 82
    '>'    偏移，并进入状态 83
    '+'    偏移，并进入状态 84
    '-'    偏移，并进入状态 85
    '*'    偏移，并进入状态 86
    '/'    偏移，并进入状态 87
    '%'    偏移，并进入状态 88
    '&'    偏移，并进入状态 89
    '|'    偏移，并进入状态 90
    '^'    偏移，并进入状态 91
    '{'    偏移，并进入状态 22

    stmtBlock  转到状态 138


状态 135

   36 forStmt: FOR expr ';' expr ';' • stmtBlock
   39        | FOR expr ';' expr ';' • expr stmtBlock

    CONST_BOOL    偏移，并进入状态 32
    CONST_INT     偏移，并进入状态 33
    CONST_STRING  偏移，并进入状态 34
    CONST_FLOAT   偏移，并进入状态 35
    OBJECTID      偏移，并进入状态 36
    '-'           偏移，并进入状态 37
    '!'           偏移，并进入状态 38
    '~'           偏移，并进入状态 39
    '('           偏移，并进入状态 41
    '{'           偏移，并进入状态 22

    stmtBlock  转到状态 139
    call       转到状态 54
    expr       转到状态 140


状态 136

   47 actuals: actuals ',' expr •
   55 expr: expr • '+' expr
   56     | expr • '-' expr
   57     | expr • '*' expr
   58     | expr • '/' expr
   59     | expr • '%' expr
   60     | expr • '<' expr
   61     | expr • LE expr
   62     | expr • EQUAL expr
   63     | expr • NE expr
   64     | expr • GE expr
   65     | expr • '>' expr
   66     | expr • AND expr
   67     | expr • OR expr
   68     | expr • '^' expr
   72     | expr • '&' expr
   73     | expr • '|' expr

    AND    偏移，并进入状态 76
    OR     偏移，并进入状态 77
    EQUAL  偏移，并进入状态 78
    NE     偏移，并进入状态 79
    GE     偏移，并进入状态 80
    LE     偏移，并进入状态 81
    '<'    偏移，并进入状态 82
    '>'    偏移，并进入状态 83
    '+'    偏移，并进入状态 84
    '-'    偏移，并进入状态 85
    '*'    偏移，并进入状态 86
    '/'    偏移，并进入状态 87
    '%'    偏移，并进入状态 88
    '&'    偏移，并进入状态 89
    '|'    偏移，并进入状态 90
    '^'    偏移，并进入状态 91

    $default  使用规则 47 以归约 (actuals)


状态 137

   38 forStmt: FOR ';' expr ';' expr stmtBlock •

    $default  使用规则 38 以归约 (forStmt)


状态 138

   37 forStmt: FOR expr ';' ';' expr stmtBlock •

    $default  使用规则 37 以归约 (forStmt)


状态 139

   36 forStmt: FOR expr ';' expr ';' stmtBlock •

    $default  使用规则 36 以归约 (forStmt)


状态 140

   39 forStmt: FOR expr ';' expr ';' expr • stmtBlock
   55 expr: expr • '+' expr
   56     | expr • '-' expr
   57     | expr • '*' expr
   58     | expr • '/' expr
   59     | expr • '%' expr
   60     | expr • '<' expr
   61     | expr • LE expr
   62     | expr • EQUAL expr
   63     | expr • NE expr
   64     | expr • GE expr
   65     | expr • '>' expr
   66     | expr • AND expr
   67     | expr • OR expr
   68     | expr • '^' expr
   72     | expr • '&' expr
   73     | expr • '|' expr

    AND    偏移，并进入状态 76
    OR     偏移，并进入状态 77
    EQUAL  偏移，并进入状态 78
    NE     偏移，并进入状态 79
    GE     偏移，并进入状态 80
    LE     偏移，并进入状态 81
    '<'    偏移，并进入状态 82
    '>'    偏移，并进入状态 83
    '+'    偏移，并进入状态 84
    '-'    偏移，并进入状态 85
    '*'    偏移，并进入状态 86
    '/'    偏移，并进入状态 87
    '%'    偏移，并进入状态 88
    '&'    偏移，并进入状态 89
    '|'    偏移，并进入状态 90
    '^'    偏移，并进入状态 91
    '{'    偏移，并进入状态 22

    stmtBlock  转到状态 141


状态 141

   39 forStmt: FOR expr ';' expr ';' expr stmtBlock •

    $default  使用规则 39 以归约 (forStmt)
